<?xml version="1.0" encoding="UTF-8"?>
<!-- Generated by org.testng.reporters.JUnitXMLReporter -->
<testsuite ignored="7" hostname="Shubh_51" failures="1" tests="2" name="Test(failed)" time="59.461" errors="0" timestamp="2024-08-25T14:51:26 IST">
  <testcase classname="com.comcast.crm.testngassert.contacttest.ContactTest" name="createContactWithOrganizationTest" time="26.986">
    <failure type="java.lang.AssertionError" message="The following asserts failed:
	expected [HDFC_328] but found [ HDFC_328]">
      <![CDATA[java.lang.AssertionError: The following asserts failed:
expected [HDFC_328] but found [ HDFC_328]
at com.comcast.crm.testngassert.contacttest.ContactTest.createContactWithOrganizationTest(ContactTest.java:123)
at java.base/java.util.ArrayList.forEach(ArrayList.java:1511)
... Removed 29 stack frames]]>
    </failure>
  </testcase> <!-- createContactWithOrganizationTest -->
  <testcase classname="com.comcast.crm.testngassert.organizationtest.OrganizationTest" name="CreateOrganizationWithPhonenoTest" time="14.351"/>
  <testcase classname="com.comcast.crm.testngassert.contacttest.ContactTest" name="createContactWithSupportDateTest" time="0.0">
    <ignored/>
  </testcase> <!-- createContactWithSupportDateTest -->
  <testcase classname="com.comcast.crm.testngassert.organizationtest.OrganizationTest" name="CreateOrganizationAndDeleteOrganizationTest" time="0.0">
    <ignored/>
  </testcase> <!-- CreateOrganizationAndDeleteOrganizationTest -->
  <testcase classname="com.comcast.crm.testngassert.contacttest.ContactTest" name="createContactTest" time="0.0">
    <ignored/>
  </testcase> <!-- createContactTest -->
  <testcase classname="com.comcast.crm.testngassert.organizationtest.OrganizationTest" name="CreateOrganizationWithIndustryDDTest" time="0.0">
    <ignored/>
  </testcase> <!-- CreateOrganizationWithIndustryDDTest -->
  <testcase classname="com.comcast.crm.testngassert.organizationtest.OrganizationTest" name="CreateOrganizationTest" time="0.0">
    <ignored/>
  </testcase> <!-- CreateOrganizationTest -->
  <testcase classname="com.comcast.crm.basetest.BaseClass" name="@AfterSuite configAS" time="0.0">
    <ignored/>
  </testcase> <!-- @AfterSuite configAS -->
  <testcase classname="com.comcast.crm.basetest.BaseClass" name="@BeforeSuite configBS" time="0.0">
    <ignored/>
  </testcase> <!-- @BeforeSuite configBS -->
</testsuite> <!-- Test(failed) -->
